[17:48:04.159][INFO]: Successfully injected RecipeFS file system
[17:48:04.185][INFO]: Successfully identified and loaded plugin farmersdelight:crafttweaker_plugin
[17:48:04.208][INFO]: Successfully identified and loaded plugin crafttweaker:builtin
[17:48:04.211][INFO]: Successfully identified and loaded plugin crafttweaker:builtin_forge
[17:48:04.213][INFO]: Successfully identified and loaded plugin mekanism:crt_plugin
[17:48:04.216][INFO]: Successfully identified and loaded plugin createtweaker:main
[17:48:05.935][INFO]: The following mods have explicit CraftTweaker support through the default plugin:
[17:48:05.936][INFO]: - 'crafttweaker' at version '10.1.54'
[17:48:05.936][INFO]: - 'createtweaker' at version '3.0.0.7'
[17:48:05.936][INFO]: - 'farmersdelight' at version '1.19.2-1.2.3'
[17:48:05.936][INFO]: - 'gamestages' at version '11.1.4'
[17:48:05.936][INFO]: - 'immersiveengineering' at version '1.19.2-9.2.3-167'
[17:48:05.936][INFO]: - 'mekanism' at version '10.3.9'
[17:48:05.936][INFO]: - 'recipestages' at version '4.0.0.7'
[17:48:20.431][INFO]: Started loading scripts for loader 'mekanismcontent'
[17:48:20.836][INFO]: Compiling and executing scripts
[17:48:21.510][INFO]: Successfully initialized modules [mods, crafttweaker, expansions]
[17:48:21.641][INFO]: Execution for loader 'mekanismcontent' completed successfully
[17:48:21.642][INFO]: Registering 0 custom gases.
[17:48:21.649][INFO]: Registering 0 custom infuse types.
[17:48:21.658][INFO]: Registering 0 custom pigments.
[17:48:21.662][INFO]: Registering 0 custom robit skins.
[17:48:21.667][INFO]: Registering 0 custom slurries.
[17:48:57.776][INFO]: Started loading scripts for loader 'initialize'
[17:48:57.819][INFO]: Compiling and executing scripts
[17:48:57.821][INFO]: Successfully initialized modules [crafttweaker, expansions]
[17:48:57.834][INFO]: Execution for loader 'initialize' completed successfully
[17:49:41.841][INFO]: Started loading scripts for loader 'tags'
[17:49:41.861][INFO]: Compiling and executing scripts
[17:49:41.865][INFO]: Successfully initialized modules [crafttweaker, expansions]
[17:49:41.884][INFO]: Execution for loader 'tags' completed successfully
[17:49:44.491][INFO]: Started loading scripts for loader 'crafttweaker'
[17:49:44.508][INFO]: Compiling and executing scripts
[17:49:44.694][INFO]: Successfully initialized modules [mods, crafttweaker, expansions]
[17:49:44.695][INFO]: Loading file 'Eras\ancient_era.zs' with priority 0
[17:49:44.695][INFO]: Loading file 'Eras\bronze_age.zs' with priority 0
[17:49:44.695][INFO]: Loading file 'Removed_Recipes\banned_items.zs' with priority 0
[17:49:44.696][INFO]: Loading file 'Removed_Recipes\rewards.zs' with priority 0
[17:49:44.698][INFO]: Loading file 'Test.zs' with priority 0
[17:49:44.717][INFO]: Starting to ban items
[17:49:44.721][INFO]: Removing 'crafting' recipes with output: '<item:mekanism:qio_drive_array>'
[17:49:44.731][INFO]: Removing 'crafting' recipes with output: '<item:mekanism:qio_drive_base>'
[17:49:44.733][INFO]: Removing 'crafting' recipes with output: '<item:mekanism:qio_drive_hyper_dense>'
[17:49:44.736][INFO]: Removing 'crafting' recipes with output: '<item:mekanism:qio_drive_time_dilating>'
[17:49:44.740][INFO]: Removing 'crafting' recipes with output: '<item:mekanism:qio_drive_supermassive>'
[17:49:44.745][INFO]: Removing 'crafting' recipes with output: '<item:mekanism:portable_qio_dashboard>'
[17:49:44.749][INFO]: Removing 'crafting' recipes with output: '<item:mekanism:qio_dashboard>'
[17:49:44.752][INFO]: Removing 'crafting' recipes with output: '<item:mekanism:qio_exporter>'
[17:49:44.754][INFO]: Removing 'crafting' recipes with output: '<item:mekanism:qio_importer>'
[17:49:44.757][INFO]: Removing 'crafting' recipes with output: '<item:mekanism:qio_redstone_adapter>'
[17:49:44.760][INFO]: Removing 'crafting' recipes with output: '<item:mekanismgenerators:fusion_reactor_controller>'
[17:49:44.762][INFO]: Removing 'crafting' recipes with output: '<item:mekanismgenerators:fusion_reactor_frame>'
[17:49:44.765][INFO]: Removing 'crafting' recipes with output: '<item:mekanismgenerators:fusion_reactor_port>'
[17:49:44.768][INFO]: Removing 'crafting' recipes with output: '<item:mekanismgenerators:fusion_reactor_logic_adapter>'
[17:49:44.771][INFO]: Removing 'crafting' recipes with output: '<item:mekanismgenerators:laser_focus_matrix>'
[17:49:44.784][INFO]: Removing 'crafting' recipes with output: '<item:mekanism:sps_port>'
[17:49:44.787][INFO]: Removing 'crafting' recipes with output: '<item:mekanism:sps_casing>'
[17:49:44.789][INFO]: Removing 'crafting' recipes with output: '<item:mekanism:supercharged_coil>'
[17:49:44.792][INFO]: Removing 'crafting' recipes with output: '<item:mekanism:dimensional_stabilizer>'
[17:49:44.794][INFO]: Removing 'crafting' recipes with output: '<item:mekanism:antiprotonic_nucleosynthesizer>'
[17:49:44.797][INFO]: Removing 'crafting' recipes with output: '<item:mekanism:atomic_disassembler>'
[17:49:44.799][INFO]: Removing 'crafting' recipes with output: '<item:mekanism:meka_tool>'
[17:49:44.802][INFO]: Removing 'crafting' recipes with output: '<item:mekanism:mekasuit_boots>'
[17:49:44.804][INFO]: Removing 'crafting' recipes with output: '<item:mekanism:mekasuit_pants>'
[17:49:44.807][INFO]: Removing 'crafting' recipes with output: '<item:mekanism:mekasuit_bodyarmor>'
[17:49:44.809][INFO]: Removing 'crafting' recipes with output: '<item:mekanism:mekasuit_helmet>'
[17:49:44.812][INFO]: Removing 'crafting' recipes with output: '<item:mekanism:modification_station>'
[17:49:44.814][INFO]: Removing 'crafting' recipes with output: '<item:mekanism:module_base>'
[17:49:44.818][INFO]: Removing 'crafting' recipes with output: '<item:immersiveengineering:toolupgrade_railgun_capacitors>'
[17:49:44.820][INFO]: Removing 'crafting' recipes with output: '<item:immersiveengineering:railgun>'
[17:49:44.823][INFO]: Removing 'create:pressing' recipes with output: '<item:createdeco:zinc_coin>'
[17:49:44.824][INFO]: Removing 'create:pressing' recipes with output: '<item:createdeco:copper_coin>'
[17:49:44.824][INFO]: Removing 'create:pressing' recipes with output: '<item:createdeco:brass_coin>'
[17:49:44.824][INFO]: Removing 'create:pressing' recipes with output: '<item:createdeco:iron_coin>'
[17:49:44.824][INFO]: Removing 'create:pressing' recipes with output: '<item:createdeco:gold_coin>'
[17:49:44.824][INFO]: Removing 'create:pressing' recipes with output: '<item:createdeco:netherite_coin>'
[17:49:44.824][INFO]: Removing 'create:pressing' recipes with output: '<item:createdeco:cast_iron_coin>'
[17:49:44.824][INFO]: Removing 'crafting' recipes with output: '<item:minecolonies:supplychestdeployer>'
[17:49:44.826][INFO]: Removing 'crafting' recipes with output: '<item:minecolonies:supplycampdeployer>'
[17:49:44.829][INFO]: Removing 'crafting' recipes with output: '<item:minecolonies:blockhuttownhall>'
[17:49:44.831][INFO]: Test has started!
[17:49:44.832][INFO]: Set printing container names to true
[17:49:44.832][INFO]: Will now show what you're using
[17:49:44.833][INFO]: Test is done!
[17:49:44.833][INFO]: Execution for loader 'crafttweaker' completed successfully
[17:49:44.835][INFO]: This reload was made possible by Belathus and more! Become a patron at https://patreon.com/jaredlll08?s=crtmod
[17:50:28.687][INFO]: Started loading scripts for loader 'tags'
[17:50:28.687][INFO]: Undoing previous actions
[17:50:28.702][INFO]: Compiling and executing scripts
[17:50:28.706][INFO]: Successfully initialized modules [crafttweaker, expansions]
[17:50:28.713][INFO]: Execution for loader 'tags' completed successfully
[17:50:30.480][INFO]: Started loading scripts for loader 'crafttweaker'
[17:50:30.481][INFO]: Undoing previous actions
[17:50:30.481][INFO]: Set printing container names to false
[17:50:30.494][INFO]: Compiling and executing scripts
[17:50:30.593][INFO]: Successfully initialized modules [mods, crafttweaker, expansions]
[17:50:30.593][INFO]: Loading file 'Eras\ancient_era.zs' with priority 0
[17:50:30.593][INFO]: Loading file 'Eras\bronze_age.zs' with priority 0
[17:50:30.593][INFO]: Loading file 'Removed_Recipes\banned_items.zs' with priority 0
[17:50:30.594][INFO]: Loading file 'Removed_Recipes\rewards.zs' with priority 0
[17:50:30.594][INFO]: Loading file 'Test.zs' with priority 0
[17:50:30.607][INFO]: Starting to ban items
[17:50:30.607][INFO]: Removing 'crafting' recipes with output: '<item:mekanism:qio_drive_array>'
[17:50:30.611][INFO]: Removing 'crafting' recipes with output: '<item:mekanism:qio_drive_base>'
[17:50:30.614][INFO]: Removing 'crafting' recipes with output: '<item:mekanism:qio_drive_hyper_dense>'
[17:50:30.617][INFO]: Removing 'crafting' recipes with output: '<item:mekanism:qio_drive_time_dilating>'
[17:50:30.620][INFO]: Removing 'crafting' recipes with output: '<item:mekanism:qio_drive_supermassive>'
[17:50:30.623][INFO]: Removing 'crafting' recipes with output: '<item:mekanism:portable_qio_dashboard>'
[17:50:30.625][INFO]: Removing 'crafting' recipes with output: '<item:mekanism:qio_dashboard>'
[17:50:30.628][INFO]: Removing 'crafting' recipes with output: '<item:mekanism:qio_exporter>'
[17:50:30.631][INFO]: Removing 'crafting' recipes with output: '<item:mekanism:qio_importer>'
[17:50:30.634][INFO]: Removing 'crafting' recipes with output: '<item:mekanism:qio_redstone_adapter>'
[17:50:30.637][INFO]: Removing 'crafting' recipes with output: '<item:mekanismgenerators:fusion_reactor_controller>'
[17:50:30.640][INFO]: Removing 'crafting' recipes with output: '<item:mekanismgenerators:fusion_reactor_frame>'
[17:50:30.643][INFO]: Removing 'crafting' recipes with output: '<item:mekanismgenerators:fusion_reactor_port>'
[17:50:30.646][INFO]: Removing 'crafting' recipes with output: '<item:mekanismgenerators:fusion_reactor_logic_adapter>'
[17:50:30.649][INFO]: Removing 'crafting' recipes with output: '<item:mekanismgenerators:laser_focus_matrix>'
[17:50:30.653][INFO]: Removing 'crafting' recipes with output: '<item:mekanism:sps_port>'
[17:50:30.655][INFO]: Removing 'crafting' recipes with output: '<item:mekanism:sps_casing>'
[17:50:30.658][INFO]: Removing 'crafting' recipes with output: '<item:mekanism:supercharged_coil>'
[17:50:30.661][INFO]: Removing 'crafting' recipes with output: '<item:mekanism:dimensional_stabilizer>'
[17:50:30.664][INFO]: Removing 'crafting' recipes with output: '<item:mekanism:antiprotonic_nucleosynthesizer>'
[17:50:30.668][INFO]: Removing 'crafting' recipes with output: '<item:mekanism:atomic_disassembler>'
[17:50:30.670][INFO]: Removing 'crafting' recipes with output: '<item:mekanism:meka_tool>'
[17:50:30.673][INFO]: Removing 'crafting' recipes with output: '<item:mekanism:mekasuit_boots>'
[17:50:30.676][INFO]: Removing 'crafting' recipes with output: '<item:mekanism:mekasuit_pants>'
[17:50:30.679][INFO]: Removing 'crafting' recipes with output: '<item:mekanism:mekasuit_bodyarmor>'
[17:50:30.683][INFO]: Removing 'crafting' recipes with output: '<item:mekanism:mekasuit_helmet>'
[17:50:30.686][INFO]: Removing 'crafting' recipes with output: '<item:mekanism:modification_station>'
[17:50:30.689][INFO]: Removing 'crafting' recipes with output: '<item:mekanism:module_base>'
[17:50:30.692][INFO]: Removing 'crafting' recipes with output: '<item:immersiveengineering:toolupgrade_railgun_capacitors>'
[17:50:30.695][INFO]: Removing 'crafting' recipes with output: '<item:immersiveengineering:railgun>'
[17:50:30.698][INFO]: Removing 'create:pressing' recipes with output: '<item:createdeco:zinc_coin>'
[17:50:30.698][INFO]: Removing 'create:pressing' recipes with output: '<item:createdeco:copper_coin>'
[17:50:30.698][INFO]: Removing 'create:pressing' recipes with output: '<item:createdeco:brass_coin>'
[17:50:30.698][INFO]: Removing 'create:pressing' recipes with output: '<item:createdeco:iron_coin>'
[17:50:30.698][INFO]: Removing 'create:pressing' recipes with output: '<item:createdeco:gold_coin>'
[17:50:30.698][INFO]: Removing 'create:pressing' recipes with output: '<item:createdeco:netherite_coin>'
[17:50:30.698][INFO]: Removing 'create:pressing' recipes with output: '<item:createdeco:cast_iron_coin>'
[17:50:30.698][INFO]: Removing 'crafting' recipes with output: '<item:minecolonies:supplychestdeployer>'
[17:50:30.701][INFO]: Removing 'crafting' recipes with output: '<item:minecolonies:supplycampdeployer>'
[17:50:30.704][INFO]: Removing 'crafting' recipes with output: '<item:minecolonies:blockhuttownhall>'
[17:50:30.707][INFO]: Test has started!
[17:50:30.707][INFO]: Set printing container names to true
[17:50:30.708][INFO]: Will now show what you're using
[17:50:30.708][INFO]: Test is done!
[17:50:30.708][INFO]: Execution for loader 'crafttweaker' completed successfully
[17:50:30.709][INFO]: This reload was made possible by Phillip Swearingain and more! Become a patron at https://patreon.com/jaredlll08?s=crtmod
